<?xml version="1.0" encoding="UTF-8"?>
<!-- Generated by org.testng.reporters.JUnitXMLReporter -->
<testsuite ignored="1" hostname="DESKTOP-FTQ8L4C" failures="0" tests="8" name="GmailComposeAutomation" time="20.085" errors="0" timestamp="2022-08-19T15:35:44 IST">
  <testcase classname="com.qa.Incubyte.Test.MailCompose" name="SignInPage" time="11.425"/>
  <testcase classname="com.qa.Incubyte.Test.MailCompose" name="checkComposeFrame" time="0.383"/>
  <testcase classname="com.qa.Incubyte.Test.MailCompose" name="EnterEmailsAddress" time="2.752"/>
  <testcase classname="com.qa.Incubyte.Test.MailCompose" name="EnterSubject" time="0.1"/>
  <testcase classname="com.qa.Incubyte.Test.MailCompose" name="EnterMessageBody" time="0.175"/>
  <testcase classname="com.qa.Incubyte.Test.MailCompose" name="Attachfile" time="2.42"/>
  <testcase classname="com.qa.Incubyte.Test.MailCompose" name="SendMail" time="2.463"/>
  <testcase classname="com.qa.Incubyte.Test.MailCompose" name="VerifyEmailSent" time="0.314"/>
  <testcase classname="com.qa.Incubyte.Test.MailCompose" name="AttachImage" time="0.0">
    <ignored/>
  </testcase> <!-- AttachImage -->
</testsuite> <!-- GmailComposeAutomation -->
